<?xml version="1.0" encoding="utf-8"?>
<coverage line-rate="0.659" branch-rate="0.40619999999999995" version="1.9" timestamp="1655730058" lines-covered="201" lines-valid="305" branches-covered="39" branches-valid="96">
  <sources>
    <source>C:\Users\a.de.souza.ramos\source\repos\Unico\Unico.Core.API\</source>
  </sources>
  <packages>
    <package name="Unico.Core.API" line-rate="0.659" branch-rate="0.40619999999999995" complexity="147">
      <classes>
        <class name="Unico.Core.API.Program" filename="Program.cs" line-rate="0" branch-rate="0" complexity="3">
          <methods>
            <method name="Main" signature="(System.String[])" line-rate="0" branch-rate="1">
              <lines>
                <line number="15" hits="0" branch="False" />
                <line number="16" hits="0" branch="False" />
                <line number="17" hits="0" branch="False" />
              </lines>
            </method>
            <method name="CreateHostBuilder" signature="(System.String[])" line-rate="0" branch-rate="0">
              <lines>
                <line number="20" hits="0" branch="True" condition-coverage="0% (0/2)">
                  <conditions>
                    <condition number="12" type="jump" coverage="0%" />
                  </conditions>
                </line>
                <line number="21" hits="0" branch="False" />
                <line number="22" hits="0" branch="False" />
                <line number="23" hits="0" branch="False" />
                <line number="24" hits="0" branch="False" />
              </lines>
            </method>
          </methods>
          <lines>
            <line number="15" hits="0" branch="False" />
            <line number="16" hits="0" branch="False" />
            <line number="17" hits="0" branch="False" />
            <line number="20" hits="0" branch="True" condition-coverage="0% (0/2)">
              <conditions>
                <condition number="12" type="jump" coverage="0%" />
              </conditions>
            </line>
            <line number="21" hits="0" branch="False" />
            <line number="22" hits="0" branch="False" />
            <line number="23" hits="0" branch="False" />
            <line number="24" hits="0" branch="False" />
          </lines>
        </class>
        <class name="Unico.Core.API.Startup" filename="Startup.cs" line-rate="0" branch-rate="0" complexity="12">
          <methods>
            <method name="get_Configuration" signature="()" line-rate="0" branch-rate="1">
              <lines>
                <line number="28" hits="0" branch="False" />
              </lines>
            </method>
            <method name="ConfigureServices" signature="(Microsoft.Extensions.DependencyInjection.IServiceCollection)" line-rate="0" branch-rate="0">
              <lines>
                <line number="32" hits="0" branch="False" />
                <line number="33" hits="0" branch="False" />
                <line number="34" hits="0" branch="False" />
                <line number="36" hits="0" branch="True" condition-coverage="0% (0/2)">
                  <conditions>
                    <condition number="22" type="jump" coverage="0%" />
                  </conditions>
                </line>
                <line number="37" hits="0" branch="False" />
                <line number="38" hits="0" branch="False" />
                <line number="39" hits="0" branch="False" />
                <line number="41" hits="0" branch="False" />
                <line number="42" hits="0" branch="False" />
                <line number="43" hits="0" branch="True" condition-coverage="0% (0/2)">
                  <conditions>
                    <condition number="95" type="jump" coverage="0%" />
                  </conditions>
                </line>
                <line number="44" hits="0" branch="False" />
                <line number="45" hits="0" branch="False" />
                <line number="46" hits="0" branch="False" />
                <line number="47" hits="0" branch="False" />
                <line number="48" hits="0" branch="False" />
                <line number="49" hits="0" branch="False" />
                <line number="50" hits="0" branch="False" />
                <line number="51" hits="0" branch="False" />
              </lines>
            </method>
            <method name="Configure" signature="(Microsoft.AspNetCore.Builder.IApplicationBuilder,Microsoft.AspNetCore.Hosting.IWebHostEnvironment,Microsoft.Extensions.Logging.ILoggerFactory)" line-rate="0" branch-rate="0">
              <lines>
                <line number="55" hits="0" branch="False" />
                <line number="56" hits="0" branch="False" />
                <line number="57" hits="0" branch="False" />
                <line number="59" hits="0" branch="True" condition-coverage="0% (0/2)">
                  <conditions>
                    <condition number="59" type="jump" coverage="0%" />
                  </conditions>
                </line>
                <line number="60" hits="0" branch="False" />
                <line number="61" hits="0" branch="False" />
                <line number="62" hits="0" branch="False" />
                <line number="63" hits="0" branch="True" condition-coverage="0% (0/2)">
                  <conditions>
                    <condition number="84" type="jump" coverage="0%" />
                  </conditions>
                </line>
                <line number="64" hits="0" branch="False" />
                <line number="66" hits="0" branch="False" />
                <line number="68" hits="0" branch="False" />
                <line number="70" hits="0" branch="False" />
                <line number="72" hits="0" branch="True" condition-coverage="0% (0/2)">
                  <conditions>
                    <condition number="144" type="jump" coverage="0%" />
                  </conditions>
                </line>
                <line number="73" hits="0" branch="False" />
                <line number="74" hits="0" branch="False" />
                <line number="75" hits="0" branch="False" />
                <line number="76" hits="0" branch="False" />
              </lines>
            </method>
            <method name=".ctor" signature="(Microsoft.Extensions.Configuration.IConfiguration)" line-rate="0" branch-rate="1">
              <lines>
                <line number="23" hits="0" branch="False" />
                <line number="24" hits="0" branch="False" />
                <line number="25" hits="0" branch="False" />
                <line number="26" hits="0" branch="False" />
              </lines>
            </method>
          </methods>
          <lines>
            <line number="28" hits="0" branch="False" />
            <line number="32" hits="0" branch="False" />
            <line number="33" hits="0" branch="False" />
            <line number="34" hits="0" branch="False" />
            <line number="36" hits="0" branch="True" condition-coverage="0% (0/2)">
              <conditions>
                <condition number="22" type="jump" coverage="0%" />
              </conditions>
            </line>
            <line number="37" hits="0" branch="False" />
            <line number="38" hits="0" branch="False" />
            <line number="39" hits="0" branch="False" />
            <line number="41" hits="0" branch="False" />
            <line number="42" hits="0" branch="False" />
            <line number="43" hits="0" branch="True" condition-coverage="0% (0/2)">
              <conditions>
                <condition number="95" type="jump" coverage="0%" />
              </conditions>
            </line>
            <line number="44" hits="0" branch="False" />
            <line number="45" hits="0" branch="False" />
            <line number="46" hits="0" branch="False" />
            <line number="47" hits="0" branch="False" />
            <line number="48" hits="0" branch="False" />
            <line number="49" hits="0" branch="False" />
            <line number="50" hits="0" branch="False" />
            <line number="51" hits="0" branch="False" />
            <line number="55" hits="0" branch="False" />
            <line number="56" hits="0" branch="False" />
            <line number="57" hits="0" branch="False" />
            <line number="59" hits="0" branch="True" condition-coverage="0% (0/2)">
              <conditions>
                <condition number="59" type="jump" coverage="0%" />
              </conditions>
            </line>
            <line number="60" hits="0" branch="False" />
            <line number="61" hits="0" branch="False" />
            <line number="62" hits="0" branch="False" />
            <line number="63" hits="0" branch="True" condition-coverage="0% (0/2)">
              <conditions>
                <condition number="84" type="jump" coverage="0%" />
              </conditions>
            </line>
            <line number="64" hits="0" branch="False" />
            <line number="66" hits="0" branch="False" />
            <line number="68" hits="0" branch="False" />
            <line number="70" hits="0" branch="False" />
            <line number="72" hits="0" branch="True" condition-coverage="0% (0/2)">
              <conditions>
                <condition number="144" type="jump" coverage="0%" />
              </conditions>
            </line>
            <line number="73" hits="0" branch="False" />
            <line number="74" hits="0" branch="False" />
            <line number="75" hits="0" branch="False" />
            <line number="76" hits="0" branch="False" />
            <line number="23" hits="0" branch="False" />
            <line number="24" hits="0" branch="False" />
            <line number="25" hits="0" branch="False" />
            <line number="26" hits="0" branch="False" />
          </lines>
        </class>
        <class name="Unico.Core.API.Services.MarketService" filename="Services\MarketService.cs" line-rate="1" branch-rate="1" complexity="1">
          <methods>
            <method name=".ctor" signature="(AutoMapper.IMapper,Microsoft.Extensions.Logging.ILogger`1&lt;Unico.Core.API.Services.MarketService&gt;,Unico.Core.API.RepositoryInterface.IMarketRepository)" line-rate="1" branch-rate="1">
              <lines>
                <line number="31" hits="21" branch="False" />
                <line number="32" hits="21" branch="False" />
                <line number="33" hits="21" branch="False" />
                <line number="34" hits="21" branch="False" />
                <line number="35" hits="21" branch="False" />
                <line number="36" hits="21" branch="False" />
              </lines>
            </method>
          </methods>
          <lines>
            <line number="31" hits="21" branch="False" />
            <line number="32" hits="21" branch="False" />
            <line number="33" hits="21" branch="False" />
            <line number="34" hits="21" branch="False" />
            <line number="35" hits="21" branch="False" />
            <line number="36" hits="21" branch="False" />
          </lines>
        </class>
        <class name="Unico.Core.API.Services.MarketService/&lt;GetMarketsAsync&gt;d__4" filename="Services\MarketService.cs" line-rate="1" branch-rate="0.5" complexity="6">
          <methods>
            <method name="MoveNext" signature="()" line-rate="1" branch-rate="0.5">
              <lines>
                <line number="42" hits="3" branch="False" />
                <line number="43" hits="3" branch="True" condition-coverage="50% (2/4)">
                  <conditions>
                    <condition number="27" type="jump" coverage="50%" />
                    <condition number="50" type="jump" coverage="50%" />
                  </conditions>
                </line>
                <line number="45" hits="3" branch="False" />
                <line number="46" hits="3" branch="False" />
                <line number="47" hits="2" branch="False" />
                <line number="48" hits="2" branch="False" />
                <line number="50" hits="1" branch="False" />
                <line number="51" hits="1" branch="False" />
                <line number="52" hits="1" branch="True" condition-coverage="50% (1/2)">
                  <conditions>
                    <condition number="254" type="jump" coverage="50%" />
                  </conditions>
                </line>
                <line number="53" hits="1" branch="False" />
                <line number="55" hits="3" branch="False" />
              </lines>
            </method>
          </methods>
          <lines>
            <line number="42" hits="3" branch="False" />
            <line number="43" hits="3" branch="True" condition-coverage="50% (2/4)">
              <conditions>
                <condition number="27" type="jump" coverage="50%" />
                <condition number="50" type="jump" coverage="50%" />
              </conditions>
            </line>
            <line number="45" hits="3" branch="False" />
            <line number="46" hits="3" branch="False" />
            <line number="47" hits="2" branch="False" />
            <line number="48" hits="2" branch="False" />
            <line number="50" hits="1" branch="False" />
            <line number="51" hits="1" branch="False" />
            <line number="52" hits="1" branch="True" condition-coverage="50% (1/2)">
              <conditions>
                <condition number="254" type="jump" coverage="50%" />
              </conditions>
            </line>
            <line number="53" hits="1" branch="False" />
            <line number="55" hits="3" branch="False" />
          </lines>
        </class>
        <class name="Unico.Core.API.Services.MarketService/&lt;CreateMarketAsync&gt;d__5" filename="Services\MarketService.cs" line-rate="1" branch-rate="0.5" complexity="8">
          <methods>
            <method name="MoveNext" signature="()" line-rate="1" branch-rate="0.5">
              <lines>
                <line number="62" hits="4" branch="False" />
                <line number="63" hits="4" branch="True" condition-coverage="50% (1/2)">
                  <conditions>
                    <condition number="27" type="jump" coverage="50%" />
                  </conditions>
                </line>
                <line number="64" hits="4" branch="True" condition-coverage="50% (1/2)">
                  <conditions>
                    <condition number="78" type="jump" coverage="50%" />
                  </conditions>
                </line>
                <line number="66" hits="4" branch="False" />
                <line number="67" hits="4" branch="False" />
                <line number="68" hits="3" branch="True" condition-coverage="50% (1/2)">
                  <conditions>
                    <condition number="233" type="jump" coverage="50%" />
                  </conditions>
                </line>
                <line number="70" hits="3" branch="False" />
                <line number="71" hits="3" branch="False" />
                <line number="73" hits="1" branch="False" />
                <line number="74" hits="1" branch="False" />
                <line number="75" hits="1" branch="True" condition-coverage="50% (1/2)">
                  <conditions>
                    <condition number="321" type="jump" coverage="50%" />
                  </conditions>
                </line>
                <line number="76" hits="1" branch="False" />
                <line number="79" hits="4" branch="False" />
              </lines>
            </method>
          </methods>
          <lines>
            <line number="62" hits="4" branch="False" />
            <line number="63" hits="4" branch="True" condition-coverage="50% (1/2)">
              <conditions>
                <condition number="27" type="jump" coverage="50%" />
              </conditions>
            </line>
            <line number="64" hits="4" branch="True" condition-coverage="50% (1/2)">
              <conditions>
                <condition number="78" type="jump" coverage="50%" />
              </conditions>
            </line>
            <line number="66" hits="4" branch="False" />
            <line number="67" hits="4" branch="False" />
            <line number="68" hits="3" branch="True" condition-coverage="50% (1/2)">
              <conditions>
                <condition number="233" type="jump" coverage="50%" />
              </conditions>
            </line>
            <line number="70" hits="3" branch="False" />
            <line number="71" hits="3" branch="False" />
            <line number="73" hits="1" branch="False" />
            <line number="74" hits="1" branch="False" />
            <line number="75" hits="1" branch="True" condition-coverage="50% (1/2)">
              <conditions>
                <condition number="321" type="jump" coverage="50%" />
              </conditions>
            </line>
            <line number="76" hits="1" branch="False" />
            <line number="79" hits="4" branch="False" />
          </lines>
        </class>
        <class name="Unico.Core.API.Services.MarketService/&lt;DeleteMarketAsync&gt;d__6" filename="Services\MarketService.cs" line-rate="1" branch-rate="0.5832999999999999" complexity="12">
          <methods>
            <method name="MoveNext" signature="()" line-rate="1" branch-rate="0.5832999999999999">
              <lines>
                <line number="87" hits="3" branch="True" condition-coverage="50% (2/4)">
                  <conditions>
                    <condition number="18" type="jump" coverage="50%" />
                    <condition number="24" type="jump" coverage="50%" />
                  </conditions>
                </line>
                <line number="89" hits="3" branch="False" />
                <line number="90" hits="3" branch="True" condition-coverage="50% (1/2)">
                  <conditions>
                    <condition number="48" type="jump" coverage="50%" />
                  </conditions>
                </line>
                <line number="91" hits="3" branch="False" />
                <line number="93" hits="2" branch="True" condition-coverage="100% (2/2)">
                  <conditions>
                    <condition number="218" type="jump" coverage="100%" />
                  </conditions>
                </line>
                <line number="94" hits="1" branch="False" />
                <line number="95" hits="1" branch="False" />
                <line number="96" hits="1" branch="True" condition-coverage="50% (1/2)">
                  <conditions>
                    <condition number="351" type="jump" coverage="50%" />
                  </conditions>
                </line>
                <line number="97" hits="1" branch="False" />
                <line number="99" hits="1" branch="False" />
                <line number="101" hits="1" branch="False" />
                <line number="102" hits="1" branch="False" />
                <line number="103" hits="1" branch="True" condition-coverage="50% (1/2)">
                  <conditions>
                    <condition number="435" type="jump" coverage="50%" />
                  </conditions>
                </line>
                <line number="104" hits="1" branch="False" />
                <line number="106" hits="3" branch="False" />
              </lines>
            </method>
          </methods>
          <lines>
            <line number="87" hits="3" branch="True" condition-coverage="50% (2/4)">
              <conditions>
                <condition number="18" type="jump" coverage="50%" />
                <condition number="24" type="jump" coverage="50%" />
              </conditions>
            </line>
            <line number="89" hits="3" branch="False" />
            <line number="90" hits="3" branch="True" condition-coverage="50% (1/2)">
              <conditions>
                <condition number="48" type="jump" coverage="50%" />
              </conditions>
            </line>
            <line number="91" hits="3" branch="False" />
            <line number="93" hits="2" branch="True" condition-coverage="100% (2/2)">
              <conditions>
                <condition number="218" type="jump" coverage="100%" />
              </conditions>
            </line>
            <line number="94" hits="1" branch="False" />
            <line number="95" hits="1" branch="False" />
            <line number="96" hits="1" branch="True" condition-coverage="50% (1/2)">
              <conditions>
                <condition number="351" type="jump" coverage="50%" />
              </conditions>
            </line>
            <line number="97" hits="1" branch="False" />
            <line number="99" hits="1" branch="False" />
            <line number="101" hits="1" branch="False" />
            <line number="102" hits="1" branch="False" />
            <line number="103" hits="1" branch="True" condition-coverage="50% (1/2)">
              <conditions>
                <condition number="435" type="jump" coverage="50%" />
              </conditions>
            </line>
            <line number="104" hits="1" branch="False" />
            <line number="106" hits="3" branch="False" />
          </lines>
        </class>
        <class name="Unico.Core.API.Services.MarketService/&lt;EditMarketAsync&gt;d__7" filename="Services\MarketService.cs" line-rate="1" branch-rate="0.5714" complexity="14">
          <methods>
            <method name="MoveNext" signature="()" line-rate="1" branch-rate="0.5714">
              <lines>
                <line number="114" hits="3" branch="True" condition-coverage="50% (2/4)">
                  <conditions>
                    <condition number="18" type="jump" coverage="50%" />
                    <condition number="24" type="jump" coverage="50%" />
                  </conditions>
                </line>
                <line number="116" hits="3" branch="False" />
                <line number="117" hits="3" branch="True" condition-coverage="50% (1/2)">
                  <conditions>
                    <condition number="48" type="jump" coverage="50%" />
                  </conditions>
                </line>
                <line number="119" hits="3" branch="False" />
                <line number="121" hits="2" branch="True" condition-coverage="100% (2/2)">
                  <conditions>
                    <condition number="218" type="jump" coverage="100%" />
                  </conditions>
                </line>
                <line number="122" hits="1" branch="False" />
                <line number="123" hits="1" branch="False" />
                <line number="125" hits="1" branch="False" />
                <line number="126" hits="1" branch="True" condition-coverage="50% (1/2)">
                  <conditions>
                    <condition number="401" type="jump" coverage="50%" />
                  </conditions>
                </line>
                <line number="127" hits="1" branch="False" />
                <line number="129" hits="1" branch="True" condition-coverage="50% (1/2)">
                  <conditions>
                    <condition number="469" type="jump" coverage="50%" />
                  </conditions>
                </line>
                <line number="130" hits="1" branch="False" />
                <line number="133" hits="1" branch="False" />
                <line number="134" hits="1" branch="False" />
                <line number="135" hits="1" branch="True" condition-coverage="50% (1/2)">
                  <conditions>
                    <condition number="528" type="jump" coverage="50%" />
                  </conditions>
                </line>
                <line number="136" hits="1" branch="False" />
                <line number="138" hits="3" branch="False" />
              </lines>
            </method>
          </methods>
          <lines>
            <line number="114" hits="3" branch="True" condition-coverage="50% (2/4)">
              <conditions>
                <condition number="18" type="jump" coverage="50%" />
                <condition number="24" type="jump" coverage="50%" />
              </conditions>
            </line>
            <line number="116" hits="3" branch="False" />
            <line number="117" hits="3" branch="True" condition-coverage="50% (1/2)">
              <conditions>
                <condition number="48" type="jump" coverage="50%" />
              </conditions>
            </line>
            <line number="119" hits="3" branch="False" />
            <line number="121" hits="2" branch="True" condition-coverage="100% (2/2)">
              <conditions>
                <condition number="218" type="jump" coverage="100%" />
              </conditions>
            </line>
            <line number="122" hits="1" branch="False" />
            <line number="123" hits="1" branch="False" />
            <line number="125" hits="1" branch="False" />
            <line number="126" hits="1" branch="True" condition-coverage="50% (1/2)">
              <conditions>
                <condition number="401" type="jump" coverage="50%" />
              </conditions>
            </line>
            <line number="127" hits="1" branch="False" />
            <line number="129" hits="1" branch="True" condition-coverage="50% (1/2)">
              <conditions>
                <condition number="469" type="jump" coverage="50%" />
              </conditions>
            </line>
            <line number="130" hits="1" branch="False" />
            <line number="133" hits="1" branch="False" />
            <line number="134" hits="1" branch="False" />
            <line number="135" hits="1" branch="True" condition-coverage="50% (1/2)">
              <conditions>
                <condition number="528" type="jump" coverage="50%" />
              </conditions>
            </line>
            <line number="136" hits="1" branch="False" />
            <line number="138" hits="3" branch="False" />
          </lines>
        </class>
        <class name="Unico.Core.API.Services.MarketService/&lt;GetMarketsByNameAync&gt;d__8" filename="Services\MarketService.cs" line-rate="1" branch-rate="0.6" complexity="10">
          <methods>
            <method name="MoveNext" signature="()" line-rate="1" branch-rate="0.6">
              <lines>
                <line number="145" hits="5" branch="True" condition-coverage="50% (1/2)">
                  <conditions>
                    <condition number="17" type="jump" coverage="50%" />
                  </conditions>
                </line>
                <line number="147" hits="5" branch="False" />
                <line number="148" hits="5" branch="True" condition-coverage="50% (1/2)">
                  <conditions>
                    <condition number="36" type="jump" coverage="50%" />
                  </conditions>
                </line>
                <line number="149" hits="5" branch="False" />
                <line number="151" hits="4" branch="True" condition-coverage="100% (2/2)">
                  <conditions>
                    <condition number="208" type="jump" coverage="100%" />
                  </conditions>
                </line>
                <line number="152" hits="2" branch="False" />
                <line number="153" hits="2" branch="False" />
                <line number="155" hits="2" branch="False" />
                <line number="157" hits="2" branch="True" condition-coverage="50% (1/2)">
                  <conditions>
                    <condition number="270" type="jump" coverage="50%" />
                  </conditions>
                </line>
                <line number="158" hits="2" branch="False" />
                <line number="160" hits="1" branch="False" />
                <line number="161" hits="1" branch="False" />
                <line number="162" hits="1" branch="True" condition-coverage="50% (1/2)">
                  <conditions>
                    <condition number="329" type="jump" coverage="50%" />
                  </conditions>
                </line>
                <line number="163" hits="1" branch="False" />
                <line number="166" hits="5" branch="False" />
              </lines>
            </method>
          </methods>
          <lines>
            <line number="145" hits="5" branch="True" condition-coverage="50% (1/2)">
              <conditions>
                <condition number="17" type="jump" coverage="50%" />
              </conditions>
            </line>
            <line number="147" hits="5" branch="False" />
            <line number="148" hits="5" branch="True" condition-coverage="50% (1/2)">
              <conditions>
                <condition number="36" type="jump" coverage="50%" />
              </conditions>
            </line>
            <line number="149" hits="5" branch="False" />
            <line number="151" hits="4" branch="True" condition-coverage="100% (2/2)">
              <conditions>
                <condition number="208" type="jump" coverage="100%" />
              </conditions>
            </line>
            <line number="152" hits="2" branch="False" />
            <line number="153" hits="2" branch="False" />
            <line number="155" hits="2" branch="False" />
            <line number="157" hits="2" branch="True" condition-coverage="50% (1/2)">
              <conditions>
                <condition number="270" type="jump" coverage="50%" />
              </conditions>
            </line>
            <line number="158" hits="2" branch="False" />
            <line number="160" hits="1" branch="False" />
            <line number="161" hits="1" branch="False" />
            <line number="162" hits="1" branch="True" condition-coverage="50% (1/2)">
              <conditions>
                <condition number="329" type="jump" coverage="50%" />
              </conditions>
            </line>
            <line number="163" hits="1" branch="False" />
            <line number="166" hits="5" branch="False" />
          </lines>
        </class>
        <class name="Unico.Core.API.Services.MarketService/&lt;UploadCsvToCreateMarkets&gt;d__9" filename="Services\MarketService.cs" line-rate="1" branch-rate="0.5" complexity="8">
          <methods>
            <method name="MoveNext" signature="()" line-rate="1" branch-rate="0.5">
              <lines>
                <line number="174" hits="2" branch="True" condition-coverage="50% (1/2)">
                  <conditions>
                    <condition number="17" type="jump" coverage="50%" />
                  </conditions>
                </line>
                <line number="176" hits="2" branch="False" />
                <line number="177" hits="2" branch="True" condition-coverage="50% (1/2)">
                  <conditions>
                    <condition number="39" type="jump" coverage="50%" />
                  </conditions>
                </line>
                <line number="179" hits="2" branch="False" />
                <line number="181" hits="2" branch="False" />
                <line number="183" hits="1" branch="False" />
                <line number="185" hits="1" branch="True" condition-coverage="50% (1/2)">
                  <conditions>
                    <condition number="264" type="jump" coverage="50%" />
                  </conditions>
                </line>
                <line number="186" hits="1" branch="False" />
                <line number="189" hits="1" branch="False" />
                <line number="190" hits="1" branch="False" />
                <line number="191" hits="1" branch="True" condition-coverage="50% (1/2)">
                  <conditions>
                    <condition number="345" type="jump" coverage="50%" />
                  </conditions>
                </line>
                <line number="192" hits="1" branch="False" />
                <line number="194" hits="2" branch="False" />
              </lines>
            </method>
          </methods>
          <lines>
            <line number="174" hits="2" branch="True" condition-coverage="50% (1/2)">
              <conditions>
                <condition number="17" type="jump" coverage="50%" />
              </conditions>
            </line>
            <line number="176" hits="2" branch="False" />
            <line number="177" hits="2" branch="True" condition-coverage="50% (1/2)">
              <conditions>
                <condition number="39" type="jump" coverage="50%" />
              </conditions>
            </line>
            <line number="179" hits="2" branch="False" />
            <line number="181" hits="2" branch="False" />
            <line number="183" hits="1" branch="False" />
            <line number="185" hits="1" branch="True" condition-coverage="50% (1/2)">
              <conditions>
                <condition number="264" type="jump" coverage="50%" />
              </conditions>
            </line>
            <line number="186" hits="1" branch="False" />
            <line number="189" hits="1" branch="False" />
            <line number="190" hits="1" branch="False" />
            <line number="191" hits="1" branch="True" condition-coverage="50% (1/2)">
              <conditions>
                <condition number="345" type="jump" coverage="50%" />
              </conditions>
            </line>
            <line number="192" hits="1" branch="False" />
            <line number="194" hits="2" branch="False" />
          </lines>
        </class>
        <class name="Unico.Core.API.Repository.MarketRepository" filename="Repository\MarketRepository.cs" line-rate="1" branch-rate="1" complexity="1">
          <methods>
            <method name=".ctor" signature="(Unico.Core.API.Data.AppDbContext)" line-rate="1" branch-rate="1">
              <lines>
                <line number="22" hits="21" branch="False" />
                <line number="23" hits="21" branch="False" />
                <line number="24" hits="21" branch="False" />
                <line number="25" hits="21" branch="False" />
              </lines>
            </method>
          </methods>
          <lines>
            <line number="22" hits="21" branch="False" />
            <line number="23" hits="21" branch="False" />
            <line number="24" hits="21" branch="False" />
            <line number="25" hits="21" branch="False" />
          </lines>
        </class>
        <class name="Unico.Core.API.Repository.MarketRepository/&lt;AddMarketAsync&gt;d__2" filename="Repository\MarketRepository.cs" line-rate="1" branch-rate="1" complexity="1">
          <methods>
            <method name="MoveNext" signature="()" line-rate="1" branch-rate="1">
              <lines>
                <line number="32" hits="4" branch="False" />
                <line number="33" hits="4" branch="False" />
                <line number="34" hits="3" branch="False" />
                <line number="36" hits="3" branch="False" />
                <line number="37" hits="3" branch="False" />
              </lines>
            </method>
          </methods>
          <lines>
            <line number="32" hits="4" branch="False" />
            <line number="33" hits="4" branch="False" />
            <line number="34" hits="3" branch="False" />
            <line number="36" hits="3" branch="False" />
            <line number="37" hits="3" branch="False" />
          </lines>
        </class>
        <class name="Unico.Core.API.Repository.MarketRepository/&lt;AddRangeMarketsAsync&gt;d__3" filename="Repository\MarketRepository.cs" line-rate="1" branch-rate="0.5" complexity="2">
          <methods>
            <method name="MoveNext" signature="()" line-rate="1" branch-rate="0.5">
              <lines>
                <line number="44" hits="2" branch="True" condition-coverage="50% (1/2)">
                  <conditions>
                    <condition number="14" type="jump" coverage="50%" />
                  </conditions>
                </line>
                <line number="45" hits="2" branch="False" />
                <line number="46" hits="1" branch="False" />
                <line number="48" hits="1" branch="False" />
                <line number="49" hits="1" branch="False" />
              </lines>
            </method>
          </methods>
          <lines>
            <line number="44" hits="2" branch="True" condition-coverage="50% (1/2)">
              <conditions>
                <condition number="14" type="jump" coverage="50%" />
              </conditions>
            </line>
            <line number="45" hits="2" branch="False" />
            <line number="46" hits="1" branch="False" />
            <line number="48" hits="1" branch="False" />
            <line number="49" hits="1" branch="False" />
          </lines>
        </class>
        <class name="Unico.Core.API.Repository.MarketRepository/&lt;DeleteMarketAsync&gt;d__4" filename="Repository\MarketRepository.cs" line-rate="1" branch-rate="1" complexity="1">
          <methods>
            <method name="MoveNext" signature="()" line-rate="1" branch-rate="1">
              <lines>
                <line number="56" hits="1" branch="False" />
                <line number="57" hits="1" branch="False" />
                <line number="58" hits="1" branch="False" />
                <line number="59" hits="1" branch="False" />
              </lines>
            </method>
          </methods>
          <lines>
            <line number="56" hits="1" branch="False" />
            <line number="57" hits="1" branch="False" />
            <line number="58" hits="1" branch="False" />
            <line number="59" hits="1" branch="False" />
          </lines>
        </class>
        <class name="Unico.Core.API.Repository.MarketRepository/&lt;GetMarketByIdAsync&gt;d__5" filename="Repository\MarketRepository.cs" line-rate="1" branch-rate="1" complexity="1">
          <methods>
            <method name="MoveNext" signature="()" line-rate="1" branch-rate="1">
              <lines>
                <line number="66" hits="6" branch="False" />
                <line number="67" hits="6" branch="False" />
                <line number="68" hits="4" branch="False" />
              </lines>
            </method>
          </methods>
          <lines>
            <line number="66" hits="6" branch="False" />
            <line number="67" hits="6" branch="False" />
            <line number="68" hits="4" branch="False" />
          </lines>
        </class>
        <class name="Unico.Core.API.Repository.MarketRepository/&lt;GetMarketsAsync&gt;d__6" filename="Repository\MarketRepository.cs" line-rate="1" branch-rate="1" complexity="1">
          <methods>
            <method name="MoveNext" signature="()" line-rate="1" branch-rate="1">
              <lines>
                <line number="74" hits="3" branch="False" />
                <line number="75" hits="3" branch="False" />
                <line number="76" hits="2" branch="False" />
              </lines>
            </method>
          </methods>
          <lines>
            <line number="74" hits="3" branch="False" />
            <line number="75" hits="3" branch="False" />
            <line number="76" hits="2" branch="False" />
          </lines>
        </class>
        <class name="Unico.Core.API.Repository.MarketRepository/&lt;GetMarketsByNameAsync&gt;d__7" filename="Repository\MarketRepository.cs" line-rate="1" branch-rate="1" complexity="1">
          <methods>
            <method name="MoveNext" signature="()" line-rate="1" branch-rate="1">
              <lines>
                <line number="83" hits="5" branch="False" />
                <line number="84" hits="5" branch="False" />
                <line number="85" hits="4" branch="False" />
              </lines>
            </method>
          </methods>
          <lines>
            <line number="83" hits="5" branch="False" />
            <line number="84" hits="5" branch="False" />
            <line number="85" hits="4" branch="False" />
          </lines>
        </class>
        <class name="Unico.Core.API.Repository.MarketRepository/&lt;UpdateMarketAsync&gt;d__8" filename="Repository\MarketRepository.cs" line-rate="1" branch-rate="1" complexity="1">
          <methods>
            <method name="MoveNext" signature="()" line-rate="1" branch-rate="1">
              <lines>
                <line number="92" hits="1" branch="False" />
                <line number="93" hits="1" branch="False" />
                <line number="94" hits="1" branch="False" />
                <line number="95" hits="1" branch="False" />
              </lines>
            </method>
          </methods>
          <lines>
            <line number="92" hits="1" branch="False" />
            <line number="93" hits="1" branch="False" />
            <line number="94" hits="1" branch="False" />
            <line number="95" hits="1" branch="False" />
          </lines>
        </class>
        <class name="Unico.Core.API.Profiles.MarketProfile" filename="Profiles\MarketProfile.cs" line-rate="1" branch-rate="1" complexity="1">
          <methods>
            <method name=".ctor" signature="()" line-rate="1" branch-rate="1">
              <lines>
                <line number="13" hits="22" branch="False" />
                <line number="14" hits="22" branch="False" />
                <line number="15" hits="22" branch="False" />
                <line number="16" hits="22" branch="False" />
                <line number="17" hits="22" branch="False" />
                <line number="18" hits="22" branch="False" />
                <line number="19" hits="22" branch="False" />
                <line number="20" hits="22" branch="False" />
                <line number="21" hits="22" branch="False" />
                <line number="22" hits="22" branch="False" />
                <line number="24" hits="22" branch="False" />
              </lines>
            </method>
          </methods>
          <lines>
            <line number="13" hits="22" branch="False" />
            <line number="14" hits="22" branch="False" />
            <line number="15" hits="22" branch="False" />
            <line number="16" hits="22" branch="False" />
            <line number="17" hits="22" branch="False" />
            <line number="18" hits="22" branch="False" />
            <line number="19" hits="22" branch="False" />
            <line number="20" hits="22" branch="False" />
            <line number="21" hits="22" branch="False" />
            <line number="22" hits="22" branch="False" />
            <line number="24" hits="22" branch="False" />
          </lines>
        </class>
        <class name="Unico.Core.API.Models.MarketBase" filename="Models\MarketBase.cs" line-rate="1" branch-rate="1" complexity="16">
          <methods>
            <method name="get_LONG" signature="()" line-rate="1" branch-rate="1">
              <lines>
                <line number="10" hits="2707" branch="False" />
              </lines>
            </method>
            <method name="get_LAT" signature="()" line-rate="1" branch-rate="1">
              <lines>
                <line number="11" hits="2704" branch="False" />
              </lines>
            </method>
            <method name="get_SETCENS" signature="()" line-rate="1" branch-rate="1">
              <lines>
                <line number="12" hits="2705" branch="False" />
              </lines>
            </method>
            <method name="get_AREAP" signature="()" line-rate="1" branch-rate="1">
              <lines>
                <line number="13" hits="2704" branch="False" />
              </lines>
            </method>
            <method name="get_CODDIST" signature="()" line-rate="1" branch-rate="1">
              <lines>
                <line number="14" hits="2704" branch="False" />
              </lines>
            </method>
            <method name="get_DISTRITO" signature="()" line-rate="1" branch-rate="1">
              <lines>
                <line number="15" hits="2706" branch="False" />
              </lines>
            </method>
            <method name="get_CODSUBPREF" signature="()" line-rate="1" branch-rate="1">
              <lines>
                <line number="16" hits="2704" branch="False" />
              </lines>
            </method>
            <method name="get_SUBPREFE" signature="()" line-rate="1" branch-rate="1">
              <lines>
                <line number="17" hits="2704" branch="False" />
              </lines>
            </method>
            <method name="get_REGIAO5" signature="()" line-rate="1" branch-rate="1">
              <lines>
                <line number="18" hits="2704" branch="False" />
              </lines>
            </method>
            <method name="get_REGIAO8" signature="()" line-rate="1" branch-rate="1">
              <lines>
                <line number="19" hits="2704" branch="False" />
              </lines>
            </method>
            <method name="get_NOME_FEIRA" signature="()" line-rate="1" branch-rate="1">
              <lines>
                <line number="20" hits="2706" branch="False" />
              </lines>
            </method>
            <method name="get_REGISTRO" signature="()" line-rate="1" branch-rate="1">
              <lines>
                <line number="21" hits="2704" branch="False" />
              </lines>
            </method>
            <method name="get_LOGRADOURO" signature="()" line-rate="1" branch-rate="1">
              <lines>
                <line number="22" hits="2704" branch="False" />
              </lines>
            </method>
            <method name="get_NUMERO" signature="()" line-rate="1" branch-rate="1">
              <lines>
                <line number="23" hits="2704" branch="False" />
              </lines>
            </method>
            <method name="get_BAIRRO" signature="()" line-rate="1" branch-rate="1">
              <lines>
                <line number="24" hits="2704" branch="False" />
              </lines>
            </method>
            <method name="get_REFERENCIA" signature="()" line-rate="1" branch-rate="1">
              <lines>
                <line number="25" hits="2704" branch="False" />
              </lines>
            </method>
          </methods>
          <lines>
            <line number="10" hits="2707" branch="False" />
            <line number="11" hits="2704" branch="False" />
            <line number="12" hits="2705" branch="False" />
            <line number="13" hits="2704" branch="False" />
            <line number="14" hits="2704" branch="False" />
            <line number="15" hits="2706" branch="False" />
            <line number="16" hits="2704" branch="False" />
            <line number="17" hits="2704" branch="False" />
            <line number="18" hits="2704" branch="False" />
            <line number="19" hits="2704" branch="False" />
            <line number="20" hits="2706" branch="False" />
            <line number="21" hits="2704" branch="False" />
            <line number="22" hits="2704" branch="False" />
            <line number="23" hits="2704" branch="False" />
            <line number="24" hits="2704" branch="False" />
            <line number="25" hits="2704" branch="False" />
          </lines>
        </class>
        <class name="Unico.Core.API.Models.MarketCsv" filename="Models\MarketCsv.cs" line-rate="1" branch-rate="1" complexity="17">
          <methods>
            <method name="get_Id" signature="()" line-rate="1" branch-rate="1">
              <lines>
                <line number="13" hits="4400" branch="False" />
              </lines>
            </method>
            <method name="get_LONG" signature="()" line-rate="1" branch-rate="1">
              <lines>
                <line number="16" hits="7041" branch="False" />
              </lines>
            </method>
            <method name="get_LAT" signature="()" line-rate="1" branch-rate="1">
              <lines>
                <line number="19" hits="7041" branch="False" />
              </lines>
            </method>
            <method name="get_SETCENS" signature="()" line-rate="1" branch-rate="1">
              <lines>
                <line number="22" hits="7041" branch="False" />
              </lines>
            </method>
            <method name="get_AREAP" signature="()" line-rate="1" branch-rate="1">
              <lines>
                <line number="25" hits="7041" branch="False" />
              </lines>
            </method>
            <method name="get_CODDIST" signature="()" line-rate="1" branch-rate="1">
              <lines>
                <line number="28" hits="7041" branch="False" />
              </lines>
            </method>
            <method name="get_DISTRITO" signature="()" line-rate="1" branch-rate="1">
              <lines>
                <line number="31" hits="7041" branch="False" />
              </lines>
            </method>
            <method name="get_CODSUBPREF" signature="()" line-rate="1" branch-rate="1">
              <lines>
                <line number="34" hits="7041" branch="False" />
              </lines>
            </method>
            <method name="get_SUBPREFE" signature="()" line-rate="1" branch-rate="1">
              <lines>
                <line number="37" hits="7041" branch="False" />
              </lines>
            </method>
            <method name="get_REGIAO5" signature="()" line-rate="1" branch-rate="1">
              <lines>
                <line number="40" hits="7041" branch="False" />
              </lines>
            </method>
            <method name="get_REGIAO8" signature="()" line-rate="1" branch-rate="1">
              <lines>
                <line number="43" hits="7041" branch="False" />
              </lines>
            </method>
            <method name="get_NOME_FEIRA" signature="()" line-rate="1" branch-rate="1">
              <lines>
                <line number="46" hits="7041" branch="False" />
              </lines>
            </method>
            <method name="get_REGISTRO" signature="()" line-rate="1" branch-rate="1">
              <lines>
                <line number="49" hits="7041" branch="False" />
              </lines>
            </method>
            <method name="get_LOGRADOURO" signature="()" line-rate="1" branch-rate="1">
              <lines>
                <line number="52" hits="7041" branch="False" />
              </lines>
            </method>
            <method name="get_NUMERO" signature="()" line-rate="1" branch-rate="1">
              <lines>
                <line number="55" hits="7041" branch="False" />
              </lines>
            </method>
            <method name="get_BAIRRO" signature="()" line-rate="1" branch-rate="1">
              <lines>
                <line number="58" hits="7041" branch="False" />
              </lines>
            </method>
            <method name="get_REFERENCIA" signature="()" line-rate="1" branch-rate="1">
              <lines>
                <line number="61" hits="7041" branch="False" />
              </lines>
            </method>
          </methods>
          <lines>
            <line number="13" hits="4400" branch="False" />
            <line number="16" hits="7041" branch="False" />
            <line number="19" hits="7041" branch="False" />
            <line number="22" hits="7041" branch="False" />
            <line number="25" hits="7041" branch="False" />
            <line number="28" hits="7041" branch="False" />
            <line number="31" hits="7041" branch="False" />
            <line number="34" hits="7041" branch="False" />
            <line number="37" hits="7041" branch="False" />
            <line number="40" hits="7041" branch="False" />
            <line number="43" hits="7041" branch="False" />
            <line number="46" hits="7041" branch="False" />
            <line number="49" hits="7041" branch="False" />
            <line number="52" hits="7041" branch="False" />
            <line number="55" hits="7041" branch="False" />
            <line number="58" hits="7041" branch="False" />
            <line number="61" hits="7041" branch="False" />
          </lines>
        </class>
        <class name="Unico.Core.API.Models.MarketResponse" filename="Models\MarketResponse.cs" line-rate="1" branch-rate="1" complexity="1">
          <methods>
            <method name="get_Id" signature="()" line-rate="1" branch-rate="1">
              <lines>
                <line number="5" hits="17" branch="False" />
              </lines>
            </method>
          </methods>
          <lines>
            <line number="5" hits="17" branch="False" />
          </lines>
        </class>
        <class name="Unico.Core.API.Data.AppDbContext" filename="Data\AppDbContext.cs" line-rate="1" branch-rate="1" complexity="2">
          <methods>
            <method name="get_Markets" signature="()" line-rate="1" branch-rate="1">
              <lines>
                <line number="7" hits="62" branch="False" />
              </lines>
            </method>
            <method name=".ctor" signature="(Microsoft.EntityFrameworkCore.DbContextOptions)" line-rate="1" branch-rate="1">
              <lines>
                <line number="8" hits="22" branch="False" />
                <line number="9" hits="22" branch="False" />
                <line number="11" hits="22" branch="False" />
              </lines>
            </method>
          </methods>
          <lines>
            <line number="7" hits="62" branch="False" />
            <line number="8" hits="22" branch="False" />
            <line number="9" hits="22" branch="False" />
            <line number="11" hits="22" branch="False" />
          </lines>
        </class>
        <class name="Unico.Core.API.Data.Market" filename="Data\Market.cs" line-rate="1" branch-rate="1" complexity="1">
          <methods>
            <method name="get_Id" signature="()" line-rate="1" branch-rate="1">
              <lines>
                <line number="11" hits="2672" branch="False" />
              </lines>
            </method>
          </methods>
          <lines>
            <line number="11" hits="2672" branch="False" />
          </lines>
        </class>
        <class name="Unico.Core.API.Controllers.MarketController" filename="Controllers\MarketController.cs" line-rate="1" branch-rate="1" complexity="1">
          <methods>
            <method name=".ctor" signature="(Unico.Core.API.ServicesInterface.IMarketServices,Microsoft.AspNetCore.Routing.LinkGenerator)" line-rate="1" branch-rate="1">
              <lines>
                <line number="29" hits="6" branch="False" />
                <line number="30" hits="6" branch="False" />
                <line number="31" hits="6" branch="False" />
                <line number="32" hits="6" branch="False" />
                <line number="33" hits="6" branch="False" />
              </lines>
            </method>
          </methods>
          <lines>
            <line number="29" hits="6" branch="False" />
            <line number="30" hits="6" branch="False" />
            <line number="31" hits="6" branch="False" />
            <line number="32" hits="6" branch="False" />
            <line number="33" hits="6" branch="False" />
          </lines>
        </class>
        <class name="Unico.Core.API.Controllers.MarketController/&lt;GetAllMarkets&gt;d__3" filename="Controllers\MarketController.cs" line-rate="1" branch-rate="0.5" complexity="2">
          <methods>
            <method name="MoveNext" signature="()" line-rate="1" branch-rate="0.5">
              <lines>
                <line number="41" hits="2" branch="True" condition-coverage="50% (1/2)">
                  <conditions>
                    <condition number="17" type="jump" coverage="50%" />
                  </conditions>
                </line>
                <line number="43" hits="2" branch="False" />
                <line number="44" hits="2" branch="False" />
                <line number="46" hits="1" branch="False" />
                <line number="49" hits="1" branch="False" />
                <line number="50" hits="1" branch="False" />
                <line number="51" hits="1" branch="False" />
                <line number="53" hits="2" branch="False" />
              </lines>
            </method>
          </methods>
          <lines>
            <line number="41" hits="2" branch="True" condition-coverage="50% (1/2)">
              <conditions>
                <condition number="17" type="jump" coverage="50%" />
              </conditions>
            </line>
            <line number="43" hits="2" branch="False" />
            <line number="44" hits="2" branch="False" />
            <line number="46" hits="1" branch="False" />
            <line number="49" hits="1" branch="False" />
            <line number="50" hits="1" branch="False" />
            <line number="51" hits="1" branch="False" />
            <line number="53" hits="2" branch="False" />
          </lines>
        </class>
        <class name="Unico.Core.API.Controllers.MarketController/&lt;GetMarketByName&gt;d__4" filename="Controllers\MarketController.cs" line-rate="0.7" branch-rate="0.75" complexity="4">
          <methods>
            <method name="MoveNext" signature="()" line-rate="0.7" branch-rate="0.75">
              <lines>
                <line number="62" hits="2" branch="True" condition-coverage="50% (1/2)">
                  <conditions>
                    <condition number="17" type="jump" coverage="50%" />
                  </conditions>
                </line>
                <line number="64" hits="2" branch="False" />
                <line number="65" hits="2" branch="False" />
                <line number="67" hits="2" branch="True" condition-coverage="100% (2/2)">
                  <conditions>
                    <condition number="180" type="jump" coverage="100%" />
                  </conditions>
                </line>
                <line number="68" hits="1" branch="False" />
                <line number="70" hits="1" branch="False" />
                <line number="72" hits="0" branch="False" />
                <line number="73" hits="0" branch="False" />
                <line number="74" hits="0" branch="False" />
                <line number="76" hits="2" branch="False" />
              </lines>
            </method>
          </methods>
          <lines>
            <line number="62" hits="2" branch="True" condition-coverage="50% (1/2)">
              <conditions>
                <condition number="17" type="jump" coverage="50%" />
              </conditions>
            </line>
            <line number="64" hits="2" branch="False" />
            <line number="65" hits="2" branch="False" />
            <line number="67" hits="2" branch="True" condition-coverage="100% (2/2)">
              <conditions>
                <condition number="180" type="jump" coverage="100%" />
              </conditions>
            </line>
            <line number="68" hits="1" branch="False" />
            <line number="70" hits="1" branch="False" />
            <line number="72" hits="0" branch="False" />
            <line number="73" hits="0" branch="False" />
            <line number="74" hits="0" branch="False" />
            <line number="76" hits="2" branch="False" />
          </lines>
        </class>
        <class name="Unico.Core.API.Controllers.MarketController/&lt;CreateMarket&gt;d__5" filename="Controllers\MarketController.cs" line-rate="0.8332999999999999" branch-rate="0.5" complexity="4">
          <methods>
            <method name="MoveNext" signature="()" line-rate="0.8332999999999999" branch-rate="0.5">
              <lines>
                <line number="109" hits="2" branch="True" condition-coverage="50% (1/2)">
                  <conditions>
                    <condition number="17" type="jump" coverage="50%" />
                  </conditions>
                </line>
                <line number="111" hits="2" branch="False" />
                <line number="112" hits="2" branch="False" />
                <line number="114" hits="2" branch="True" condition-coverage="50% (1/2)">
                  <conditions>
                    <condition number="180" type="jump" coverage="50%" />
                  </conditions>
                </line>
                <line number="115" hits="2" branch="False" />
                <line number="117" hits="2" branch="False" />
                <line number="119" hits="0" branch="False" />
                <line number="121" hits="0" branch="False" />
                <line number="123" hits="2" branch="False" />
                <line number="124" hits="2" branch="False" />
                <line number="125" hits="2" branch="False" />
                <line number="127" hits="2" branch="False" />
              </lines>
            </method>
          </methods>
          <lines>
            <line number="109" hits="2" branch="True" condition-coverage="50% (1/2)">
              <conditions>
                <condition number="17" type="jump" coverage="50%" />
              </conditions>
            </line>
            <line number="111" hits="2" branch="False" />
            <line number="112" hits="2" branch="False" />
            <line number="114" hits="2" branch="True" condition-coverage="50% (1/2)">
              <conditions>
                <condition number="180" type="jump" coverage="50%" />
              </conditions>
            </line>
            <line number="115" hits="2" branch="False" />
            <line number="117" hits="2" branch="False" />
            <line number="119" hits="0" branch="False" />
            <line number="121" hits="0" branch="False" />
            <line number="123" hits="2" branch="False" />
            <line number="124" hits="2" branch="False" />
            <line number="125" hits="2" branch="False" />
            <line number="127" hits="2" branch="False" />
          </lines>
        </class>
        <class name="Unico.Core.API.Controllers.MarketController/&lt;EditMarket&gt;d__6" filename="Controllers\MarketController.cs" line-rate="0" branch-rate="0" complexity="4">
          <methods>
            <method name="MoveNext" signature="()" line-rate="0" branch-rate="0">
              <lines>
                <line number="137" hits="0" branch="True" condition-coverage="0% (0/2)">
                  <conditions>
                    <condition number="17" type="jump" coverage="0%" />
                  </conditions>
                </line>
                <line number="139" hits="0" branch="False" />
                <line number="140" hits="0" branch="False" />
                <line number="142" hits="0" branch="True" condition-coverage="0% (0/2)">
                  <conditions>
                    <condition number="186" type="jump" coverage="0%" />
                  </conditions>
                </line>
                <line number="143" hits="0" branch="False" />
                <line number="145" hits="0" branch="False" />
                <line number="147" hits="0" branch="False" />
                <line number="148" hits="0" branch="False" />
                <line number="149" hits="0" branch="False" />
                <line number="151" hits="0" branch="False" />
              </lines>
            </method>
          </methods>
          <lines>
            <line number="137" hits="0" branch="True" condition-coverage="0% (0/2)">
              <conditions>
                <condition number="17" type="jump" coverage="0%" />
              </conditions>
            </line>
            <line number="139" hits="0" branch="False" />
            <line number="140" hits="0" branch="False" />
            <line number="142" hits="0" branch="True" condition-coverage="0% (0/2)">
              <conditions>
                <condition number="186" type="jump" coverage="0%" />
              </conditions>
            </line>
            <line number="143" hits="0" branch="False" />
            <line number="145" hits="0" branch="False" />
            <line number="147" hits="0" branch="False" />
            <line number="148" hits="0" branch="False" />
            <line number="149" hits="0" branch="False" />
            <line number="151" hits="0" branch="False" />
          </lines>
        </class>
        <class name="Unico.Core.API.Controllers.MarketController/&lt;DeleteMarket&gt;d__7" filename="Controllers\MarketController.cs" line-rate="0" branch-rate="0" complexity="4">
          <methods>
            <method name="MoveNext" signature="()" line-rate="0" branch-rate="0">
              <lines>
                <line number="160" hits="0" branch="True" condition-coverage="0% (0/2)">
                  <conditions>
                    <condition number="17" type="jump" coverage="0%" />
                  </conditions>
                </line>
                <line number="162" hits="0" branch="False" />
                <line number="163" hits="0" branch="False" />
                <line number="165" hits="0" branch="True" condition-coverage="0% (0/2)">
                  <conditions>
                    <condition number="180" type="jump" coverage="0%" />
                  </conditions>
                </line>
                <line number="166" hits="0" branch="False" />
                <line number="168" hits="0" branch="False" />
                <line number="170" hits="0" branch="False" />
                <line number="171" hits="0" branch="False" />
                <line number="172" hits="0" branch="False" />
                <line number="174" hits="0" branch="False" />
              </lines>
            </method>
          </methods>
          <lines>
            <line number="160" hits="0" branch="True" condition-coverage="0% (0/2)">
              <conditions>
                <condition number="17" type="jump" coverage="0%" />
              </conditions>
            </line>
            <line number="162" hits="0" branch="False" />
            <line number="163" hits="0" branch="False" />
            <line number="165" hits="0" branch="True" condition-coverage="0% (0/2)">
              <conditions>
                <condition number="180" type="jump" coverage="0%" />
              </conditions>
            </line>
            <line number="166" hits="0" branch="False" />
            <line number="168" hits="0" branch="False" />
            <line number="170" hits="0" branch="False" />
            <line number="171" hits="0" branch="False" />
            <line number="172" hits="0" branch="False" />
            <line number="174" hits="0" branch="False" />
          </lines>
        </class>
        <class name="Unico.Core.API.Controllers.OperationsController" filename="Controllers\OperationsController.cs" line-rate="0" branch-rate="1" complexity="1">
          <methods>
            <method name=".ctor" signature="(Unico.Core.API.ServicesInterface.IMarketServices)" line-rate="0" branch-rate="1">
              <lines>
                <line number="22" hits="0" branch="False" />
                <line number="23" hits="0" branch="False" />
                <line number="24" hits="0" branch="False" />
                <line number="25" hits="0" branch="False" />
              </lines>
            </method>
          </methods>
          <lines>
            <line number="22" hits="0" branch="False" />
            <line number="23" hits="0" branch="False" />
            <line number="24" hits="0" branch="False" />
            <line number="25" hits="0" branch="False" />
          </lines>
        </class>
        <class name="Unico.Core.API.Controllers.OperationsController/&lt;InsertCsv&gt;d__2" filename="Controllers\OperationsController.cs" line-rate="0" branch-rate="0" complexity="6">
          <methods>
            <method name="MoveNext" signature="()" line-rate="0" branch-rate="0">
              <lines>
                <line number="28" hits="0" branch="True" condition-coverage="0% (0/2)">
                  <conditions>
                    <condition number="17" type="jump" coverage="0%" />
                  </conditions>
                </line>
                <line number="30" hits="0" branch="False" />
                <line number="31" hits="0" branch="False" />
                <line number="34" hits="0" branch="False" />
                <line number="35" hits="0" branch="False" />
                <line number="36" hits="0" branch="False" />
                <line number="37" hits="0" branch="False" />
                <line number="39" hits="0" branch="False" />
                <line number="40" hits="0" branch="False" />
                <line number="41" hits="0" branch="False" />
                <line number="42" hits="0" branch="False" />
                <line number="44" hits="0" branch="False" />
                <line number="45" hits="0" branch="False" />
                <line number="46" hits="0" branch="True" condition-coverage="0% (0/2)">
                  <conditions>
                    <condition number="213" type="jump" coverage="0%" />
                  </conditions>
                </line>
                <line number="47" hits="0" branch="False" />
                <line number="48" hits="0" branch="False" />
                <line number="49" hits="0" branch="False" />
                <line number="50" hits="0" branch="False" />
                <line number="51" hits="0" branch="False" />
                <line number="54" hits="0" branch="False" />
                <line number="56" hits="0" branch="True" condition-coverage="0% (0/2)">
                  <conditions>
                    <condition number="441" type="jump" coverage="0%" />
                  </conditions>
                </line>
                <line number="57" hits="0" branch="False" />
                <line number="59" hits="0" branch="False" />
                <line number="61" hits="0" branch="False" />
                <line number="62" hits="0" branch="False" />
                <line number="63" hits="0" branch="False" />
                <line number="65" hits="0" branch="False" />
              </lines>
            </method>
          </methods>
          <lines>
            <line number="28" hits="0" branch="True" condition-coverage="0% (0/2)">
              <conditions>
                <condition number="17" type="jump" coverage="0%" />
              </conditions>
            </line>
            <line number="30" hits="0" branch="False" />
            <line number="31" hits="0" branch="False" />
            <line number="34" hits="0" branch="False" />
            <line number="35" hits="0" branch="False" />
            <line number="36" hits="0" branch="False" />
            <line number="37" hits="0" branch="False" />
            <line number="39" hits="0" branch="False" />
            <line number="40" hits="0" branch="False" />
            <line number="41" hits="0" branch="False" />
            <line number="42" hits="0" branch="False" />
            <line number="44" hits="0" branch="False" />
            <line number="45" hits="0" branch="False" />
            <line number="46" hits="0" branch="True" condition-coverage="0% (0/2)">
              <conditions>
                <condition number="213" type="jump" coverage="0%" />
              </conditions>
            </line>
            <line number="47" hits="0" branch="False" />
            <line number="48" hits="0" branch="False" />
            <line number="49" hits="0" branch="False" />
            <line number="50" hits="0" branch="False" />
            <line number="51" hits="0" branch="False" />
            <line number="54" hits="0" branch="False" />
            <line number="56" hits="0" branch="True" condition-coverage="0% (0/2)">
              <conditions>
                <condition number="441" type="jump" coverage="0%" />
              </conditions>
            </line>
            <line number="57" hits="0" branch="False" />
            <line number="59" hits="0" branch="False" />
            <line number="61" hits="0" branch="False" />
            <line number="62" hits="0" branch="False" />
            <line number="63" hits="0" branch="False" />
            <line number="65" hits="0" branch="False" />
          </lines>
        </class>
      </classes>
    </package>
  </packages>
</coverage>